<?xml version="1.0" encoding="UTF-8"?>
<robot generator="Robot 3.2.2 (Python 3.9.1 on win32)" generated="20210119 09:53:04.344" rpa="false">
<suite id="s1" name="Verify Valid Credentials" source="C:\robotics\robot_workspace\openEmr\LoginSuite\verify_valid_credentials.robot">
<test id="s1-t1" name="Verify_Valid_Credentials_Test">
<kw name="Launch Browser" library="common_functionality">
<kw name="Append To Environment Variable" library="OperatingSystem">
<doc>Appends given ``values`` to environment variable ``name``.</doc>
<arguments>
<arg>Path</arg>
<arg>${OUTPUT_DIR}${/}driver</arg>
</arguments>
<msg timestamp="20210119 09:53:04.728" level="INFO">Environment variable 'Path' set to value 'C:\WINDOWS\system32;C:\WINDOWS;C:\WINDOWS\System32\Wbem;C:\WINDOWS\System32\WindowsPowerShell\v1.0\;C:\Python;C:\Python\Scripts;C:\xampp\mysql\bin;C:\WINDOWS\System32\OpenSSH\;C:\Program Files\mingw-w64\x86_64-8.1.0-posix-seh-rt_v6-rev0\mingw64\bin;C:\Program Files (x86)\Groovy\bin;C:\Program Files (x86)\Groovy\bin;C:\Program Files\Java\jdk1.8.0_271\bin;C:\Users\CTEA\AppData\Local\Programs\Microsoft VS Code\bin;C:\Users\CTEA\AppData\Local\Microsoft\WindowsApps;C:\Users\CTEA\Desktop\robotics\geckodriver-v0.28.0-win32;;C:\robotics\robot_workspace\openEmr\LoginSuite\driver'.</msg>
<status status="PASS" starttime="20210119 09:53:04.728" endtime="20210119 09:53:04.728"></status>
</kw>
<kw name="Open Browser" library="SeleniumLibrary">
<doc>Opens a new browser instance to the optional ``url``.</doc>
<arguments>
<arg>browser=chrome</arg>
</arguments>
<msg timestamp="20210119 09:53:04.729" level="INFO">Opening browser 'chrome' to base url 'None'.</msg>
<kw name="Capture Page Screenshot" library="SeleniumLibrary">
<doc>Takes a screenshot of the current page and embeds it into a log file.</doc>
<msg timestamp="20210119 09:53:04.732" level="INFO">Cannot capture screenshot because no browser is open.</msg>
<status status="PASS" starttime="20210119 09:53:04.732" endtime="20210119 09:53:04.733"></status>
</kw>
<msg timestamp="20210119 09:53:04.783" level="FAIL">WebDriverException: Message: 'chromedriver' executable needs to be in PATH. Please see https://sites.google.com/a/chromium.org/chromedriver/home
</msg>
<status status="FAIL" starttime="20210119 09:53:04.728" endtime="20210119 09:53:04.783"></status>
</kw>
<status status="FAIL" starttime="20210119 09:53:04.727" endtime="20210119 09:53:04.783"></status>
</kw>
<status status="FAIL" starttime="20210119 09:53:04.727" endtime="20210119 09:53:04.784" critical="yes">WebDriverException: Message: 'chromedriver' executable needs to be in PATH. Please see https://sites.google.com/a/chromium.org/chromedriver/home
</status>
</test>
<doc>This file test the valid credential</doc>
<status status="FAIL" starttime="20210119 09:53:04.347" endtime="20210119 09:53:04.785"></status>
</suite>
<statistics>
<total>
<stat pass="0" fail="1">Critical Tests</stat>
<stat pass="0" fail="1">All Tests</stat>
</total>
<tag>
</tag>
<suite>
<stat pass="0" fail="1" id="s1" name="Verify Valid Credentials">Verify Valid Credentials</stat>
</suite>
</statistics>
<errors>
</errors>
</robot>
